\BOOKMARK [1][-]{section.1}{\376\377\230\171\166\356\151\202\217\360}{}% 1
\BOOKMARK [2][-]{subsection.1.1}{\376\377\170\024\172\166\200\314\146\157}{section.1}% 2
\BOOKMARK [2][-]{subsection.1.2}{\376\377\230\171\166\356\166\356\150\007}{section.1}% 3
\BOOKMARK [2][-]{subsection.1.3}{\376\377\142\200\147\057\150\010}{section.1}% 4
\BOOKMARK [1][-]{section.2}{\376\377\174\373\176\337\147\266\147\204\213\276\213\241}{}% 5
\BOOKMARK [2][-]{subsection.2.1}{\376\377\145\164\117\123\147\266\147\204}{section.2}% 6
\BOOKMARK [2][-]{subsection.2.2}{\376\377\145\160\143\156\155\101\172\013}{section.2}% 7
\BOOKMARK [2][-]{subsection.2.3}{\376\377\166\356\137\125\176\323\147\204}{section.2}% 8
\BOOKMARK [1][-]{section.3}{\376\377\145\160\143\156\221\307\226\306\116\016\230\204\131\004\164\006}{}% 9
\BOOKMARK [2][-]{subsection.3.1}{\376\377\145\160\143\156\221\307\226\306}{section.3}% 10
\BOOKMARK [3][-]{subsubsection.3.1.1}{\376\377\162\054\206\153\133\236\163\260}{subsection.3.1}% 11
\BOOKMARK [3][-]{subsubsection.3.1.2}{\376\377\145\160\143\156\150\074\137\017}{subsection.3.1}% 12
\BOOKMARK [2][-]{subsection.3.2}{\376\377\145\160\143\156\230\204\131\004\164\006}{section.3}% 13
\BOOKMARK [3][-]{subsubsection.3.2.1}{\376\377\145\160\143\156\156\005\155\027}{subsection.3.2}% 14
\BOOKMARK [3][-]{subsubsection.3.2.2}{\376\377\162\171\137\201\135\345\172\013}{subsection.3.2}% 15
\BOOKMARK [3][-]{subsubsection.3.2.3}{\376\377\145\207\147\054\122\006\213\315}{subsection.3.2}% 16
\BOOKMARK [1][-]{section.4}{\376\377\140\305\141\037\122\006\174\173\152\041\127\213}{}% 17
\BOOKMARK [2][-]{subsection.4.1}{\376\377\140\305\141\037\122\006\174\173\117\123\174\373}{section.4}% 18
\BOOKMARK [2][-]{subsection.4.2}{\376\377\000B\000E\000R\000T\152\041\127\213\147\266\147\204}{section.4}% 19
\BOOKMARK [2][-]{subsection.4.3}{\376\377\152\041\127\213\213\255\176\303}{section.4}% 20
\BOOKMARK [3][-]{subsubsection.4.3.1}{\376\377\213\255\176\303\123\302\145\160}{subsection.4.3}% 21
\BOOKMARK [3][-]{subsubsection.4.3.2}{\376\377\213\255\176\303\155\101\172\013}{subsection.4.3}% 22
\BOOKMARK [2][-]{subsection.4.4}{\376\377\152\041\127\213\213\304\117\060}{section.4}% 23
\BOOKMARK [1][-]{section.5}{\376\377\145\160\143\156\123\357\211\306\123\026}{}% 24
\BOOKMARK [2][-]{subsection.5.1}{\376\377\140\305\141\037\122\006\136\003\123\357\211\306\123\026}{section.5}% 25
\BOOKMARK [3][-]{subsubsection.5.1.1}{\376\377\231\174\126\376\000\040\000+\000\040\147\361\162\266\126\376\176\304\124\010}{subsection.5.1}% 26
\BOOKMARK [2][-]{subsection.5.2}{\376\377\145\366\225\364\136\217\122\027\122\006\147\220}{section.5}% 27
\BOOKMARK [3][-]{subsubsection.5.2.1}{\376\377\140\305\141\037\143\007\145\160\213\241\173\227}{subsection.5.2}% 28
\BOOKMARK [3][-]{subsubsection.5.2.2}{\376\377\145\366\225\364\136\217\122\027\123\357\211\306\123\026}{subsection.5.2}% 29
\BOOKMARK [2][-]{subsection.5.3}{\376\377\177\156\117\341\123\072\225\364\213\241\173\227}{section.5}% 30
\BOOKMARK [1][-]{section.6}{\376\377\174\373\176\337\133\236\163\260}{}% 31
\BOOKMARK [2][-]{subsection.6.1}{\376\377\163\257\130\203\221\115\177\156}{section.6}% 32
\BOOKMARK [3][-]{subsubsection.6.1.1}{\376\377\117\235\215\126\133\211\210\305}{subsection.6.1}% 33
\BOOKMARK [3][-]{subsubsection.6.1.2}{\376\377\117\235\215\126\122\027\210\150}{subsection.6.1}% 34
\BOOKMARK [2][-]{subsection.6.2}{\376\377\174\373\176\337\117\177\165\050\155\101\172\013}{section.6}% 35
\BOOKMARK [3][-]{subsubsection.6.2.1}{\376\377\153\145\232\244\0001\377\032\145\160\143\156\221\307\226\306}{subsection.6.2}% 36
\BOOKMARK [3][-]{subsubsection.6.2.2}{\376\377\153\145\232\244\0002\377\032\145\160\143\156\230\204\131\004\164\006}{subsection.6.2}% 37
\BOOKMARK [3][-]{subsubsection.6.2.3}{\376\377\153\145\232\244\0003\377\032\152\041\127\213\213\255\176\303}{subsection.6.2}% 38
\BOOKMARK [3][-]{subsubsection.6.2.4}{\376\377\153\145\232\244\0004\377\032\123\357\211\306\123\026\122\006\147\220}{subsection.6.2}% 39
\BOOKMARK [2][-]{subsection.6.3}{\376\377\116\343\170\001\232\214\213\301}{section.6}% 40
\BOOKMARK [1][-]{section.7}{\376\377\133\236\232\214\176\323\147\234\116\016\122\006\147\220}{}% 41
\BOOKMARK [2][-]{subsection.7.1}{\376\377\145\160\143\156\176\337\213\241}{section.7}% 42
\BOOKMARK [2][-]{subsection.7.2}{\376\377\140\305\141\037\122\006\136\003\122\006\147\220}{section.7}% 43
\BOOKMARK [2][-]{subsection.7.3}{\376\377\145\366\225\364\136\217\122\027\215\213\122\277}{section.7}% 44
\BOOKMARK [2][-]{subsection.7.4}{\376\377\174\373\176\337\140\047\200\375}{section.7}% 45
\BOOKMARK [1][-]{section.8}{\376\377\230\171\166\356\213\304\117\060}{}% 46
\BOOKMARK [2][-]{subsection.8.1}{\376\377\116\343\170\001\215\050\221\317\213\304\117\060}{section.8}% 47
\BOOKMARK [2][-]{subsection.8.2}{\376\377\230\171\166\356\117\030\160\271}{section.8}% 48
\BOOKMARK [2][-]{subsection.8.3}{\376\377\145\071\217\333\145\271\124\021}{section.8}% 49
\BOOKMARK [1][-]{section.9}{\376\377\140\073\176\323\116\016\134\125\147\033}{}% 50
\BOOKMARK [2][-]{subsection.9.1}{\376\377\230\171\166\356\140\073\176\323}{section.9}% 51
\BOOKMARK [2][-]{subsection.9.2}{\376\377\147\052\147\145\134\125\147\033}{section.9}% 52
\BOOKMARK [2][-]{subsection.9.3}{\376\377\201\364\214\042}{section.9}% 53
\BOOKMARK [1][-]{appendix.A}{\376\377\226\104\137\125\000A\377\032\150\070\137\303\116\343\170\001}{}% 54
\BOOKMARK [2][-]{subsection.A.1}{\376\377\145\160\143\156\230\204\131\004\164\006\150\070\137\303\121\375\145\160}{appendix.A}% 55
\BOOKMARK [2][-]{subsection.A.2}{\376\377\140\305\141\037\122\006\174\173\150\070\137\303\121\375\145\160}{appendix.A}% 56
\BOOKMARK [2][-]{subsection.A.3}{\376\377\145\366\225\364\136\217\122\027\122\006\147\220\150\070\137\303\121\375\145\160}{appendix.A}% 57
\BOOKMARK [1][-]{appendix.B}{\376\377\226\104\137\125\000B\377\032\217\320\210\114\163\257\130\203}{}% 58
\BOOKMARK [2][-]{subsection.B.1}{\376\377\170\154\116\366\163\257\130\203}{appendix.B}% 59
\BOOKMARK [2][-]{subsection.B.2}{\376\377\217\157\116\366\163\257\130\203}{appendix.B}% 60
\BOOKMARK [1][-]{appendix.C}{\376\377\226\104\137\125\000C\377\032\230\171\166\356\224\376\143\245}{}% 61
